<?xml version="1.0" encoding="UTF-8"?>
<testsuite xmlns:xsi="http://www.w3.org/2001/XMLSchema-instance" xsi:noNamespaceSchemaLocation="https://maven.apache.org/surefire/maven-surefire-plugin/xsd/surefire-test-report-3.0.xsd" version="3.0" name="com.bcopstein.casosDeUso.Politicas.CalculoCustoViagemRelampagoTest" time="0.004" tests="4" errors="0" skipped="0" failures="0">
  <properties>
[...]
</properties>
  <testcase name="descontoPontuacaoNaoEntregueTest" classname="com.bcopstein.casosDeUso.Politicas.CalculoCustoViagemRelampagoTest" time="0"/>
  <testcase name="descontoPromocaoSazonalEntregueTest" classname="com.bcopstein.casosDeUso.Politicas.CalculoCustoViagemRelampagoTest" time="0"/>
  <testcase name="descontoPontuacaoEntregueTest" classname="com.bcopstein.casosDeUso.Politicas.CalculoCustoViagemRelampagoTest" time="0"/>
  <testcase name="descontoPromocaoSazonalNaoEntregueTest" classname="com.bcopstein.casosDeUso.Politicas.CalculoCustoViagemRelampagoTest" time="0.001"/>
</testsuite>